<?xml version="1.0" encoding="UTF-8"?>
<robot generator="Robot 4.1 (Python 3.10.2 on win32)" generated="20220318 22:32:49.618" rpa="false" schemaversion="2">
<suite id="s1" name="Register" source="C:\Users\User\Desktop\pha2022\tests\features\register.robot">
<test id="s1-t1" name="Caso de Teste 04: Adicionar Cliente">
<kw name="Abrir navegador" library="hooks" type="SETUP">
<kw name="Set Selenium Implicit Wait" library="SeleniumLibrary">
<arg>${CONFIG.IMPLICITY_WAIT}</arg>
<doc>Sets the implicit wait value used by Selenium.</doc>
<status status="PASS" starttime="20220318 22:32:51.020" endtime="20220318 22:32:51.023"/>
</kw>
<kw name="Open Browser" library="SeleniumLibrary">
<arg>about:blank</arg>
<arg>${CONFIG.BROWSER_NAME}</arg>
<doc>Opens a new browser instance to the optional ``url``.</doc>
<msg timestamp="20220318 22:32:51.027" level="INFO">Opening browser 'chrome' to base url 'about:blank'.</msg>
<status status="PASS" starttime="20220318 22:32:51.023" endtime="20220318 22:32:52.705"/>
</kw>
<kw name="Go To" library="SeleniumLibrary">
<arg>${CONFIG.URL}</arg>
<doc>Navigates the current browser window to the provided ``url``.</doc>
<msg timestamp="20220318 22:32:52.709" level="INFO">Opening url 'http://automationpractice.com/index.php'</msg>
<status status="PASS" starttime="20220318 22:32:52.706" endtime="20220318 22:32:57.074"/>
</kw>
<kw name="Maximize Browser Window" library="SeleniumLibrary">
<doc>Maximizes current browser window.</doc>
<status status="PASS" starttime="20220318 22:32:57.075" endtime="20220318 22:32:57.230"/>
</kw>
<status status="PASS" starttime="20220318 22:32:51.016" endtime="20220318 22:32:57.231"/>
</kw>
<kw name="Acessar a página home do site" library="kws_register">
<kw name="Acessar a página home do site Automation Practice" library="kws_search">
<kw name="Title Should Be" library="SeleniumLibrary">
<arg>${HOME_PAGE.title}</arg>
<doc>Verifies that the current page title equals ``title``.</doc>
<msg timestamp="20220318 22:32:57.288" level="INFO">Page title is 'My Store'.</msg>
<status status="PASS" starttime="20220318 22:32:57.235" endtime="20220318 22:32:57.289"/>
</kw>
<kw name="Wait Until Element Is Visible" library="SeleniumLibrary">
<arg>${HOME_PAGE.input_busca}</arg>
<arg>10</arg>
<doc>Waits until the element ``locator`` is visible.</doc>
<status status="PASS" starttime="20220318 22:32:57.289" endtime="20220318 22:32:57.453"/>
</kw>
<status status="PASS" starttime="20220318 22:32:57.234" endtime="20220318 22:32:57.454"/>
</kw>
<status status="PASS" starttime="20220318 22:32:57.233" endtime="20220318 22:32:57.454"/>
</kw>
<kw name="Clicar em &quot;Sign in&quot;" library="kws_register" sourcename="Clicar em &quot;${BUTTON}&quot;">
<kw name="Wait Until Element Is Visible" library="SeleniumLibrary">
<arg>xpath=//*[contains(text(), '${BUTTON}')]</arg>
<doc>Waits until the element ``locator`` is visible.</doc>
<status status="PASS" starttime="20220318 22:32:57.458" endtime="20220318 22:32:57.543"/>
</kw>
<kw name="Click Element" library="SeleniumLibrary">
<arg>xpath=//*[contains(text(), '${BUTTON}')]</arg>
<doc>Click the element identified by ``locator``.</doc>
<msg timestamp="20220318 22:32:57.545" level="INFO">Clicking element 'xpath=//*[contains(text(), 'Sign in')]'.</msg>
<status status="PASS" starttime="20220318 22:32:57.544" endtime="20220318 22:32:59.463"/>
</kw>
<status status="PASS" starttime="20220318 22:32:57.456" endtime="20220318 22:32:59.464"/>
</kw>
<kw name="Informar um e-mail válido" library="kws_register">
<kw name="Free Email" library="FakerLibrary">
<var>${FAKE_EMAIL}</var>
<msg timestamp="20220318 22:32:59.466" level="INFO">${FAKE_EMAIL} = emanuellanovaes@bol.com.br</msg>
<status status="PASS" starttime="20220318 22:32:59.465" endtime="20220318 22:32:59.466"/>
</kw>
<kw name="Wait Until Element Is Visible" library="SeleniumLibrary">
<arg>email_create</arg>
<doc>Waits until the element ``locator`` is visible.</doc>
<status status="PASS" starttime="20220318 22:32:59.466" endtime="20220318 22:32:59.511"/>
</kw>
<kw name="Input Text" library="SeleniumLibrary">
<arg>email_create</arg>
<arg>${FAKE_EMAIL}</arg>
<doc>Types the given ``text`` into the text field identified by ``locator``.</doc>
<msg timestamp="20220318 22:32:59.512" level="INFO">Typing text 'emanuellanovaes@bol.com.br' into text field 'email_create'.</msg>
<status status="PASS" starttime="20220318 22:32:59.511" endtime="20220318 22:32:59.740"/>
</kw>
<status status="PASS" starttime="20220318 22:32:59.464" endtime="20220318 22:32:59.740"/>
</kw>
<kw name="Clicar em Create an account" library="kws_register">
<kw name="Wait Until Element Is Visible" library="SeleniumLibrary">
<arg>id=SubmitCreate</arg>
<doc>Waits until the element ``locator`` is visible.</doc>
<status status="PASS" starttime="20220318 22:32:59.743" endtime="20220318 22:32:59.781"/>
</kw>
<kw name="Click Element" library="SeleniumLibrary">
<arg>id=SubmitCreate</arg>
<doc>Click the element identified by ``locator``.</doc>
<msg timestamp="20220318 22:32:59.782" level="INFO">Clicking element 'id=SubmitCreate'.</msg>
<status status="PASS" starttime="20220318 22:32:59.782" endtime="20220318 22:32:59.885"/>
</kw>
<status status="PASS" starttime="20220318 22:32:59.742" endtime="20220318 22:32:59.886"/>
</kw>
<kw name="Preencher os dados obrigatórios" library="kws_register">
<kw name="First Name" library="FakerLibrary">
<var>${FAKE_NAME}</var>
<msg timestamp="20220318 22:32:59.888" level="INFO">${FAKE_NAME} = Maria</msg>
<status status="PASS" starttime="20220318 22:32:59.888" endtime="20220318 22:32:59.889"/>
</kw>
<kw name="Last Name" library="FakerLibrary">
<var>${FAKE_LASTNAME}</var>
<msg timestamp="20220318 22:32:59.890" level="INFO">${FAKE_LASTNAME} = Carvalho</msg>
<status status="PASS" starttime="20220318 22:32:59.889" endtime="20220318 22:32:59.890"/>
</kw>
<kw name="Wait Until Element Is Visible" library="SeleniumLibrary">
<arg>${REGISTER.form_register}</arg>
<doc>Waits until the element ``locator`` is visible.</doc>
<status status="PASS" starttime="20220318 22:32:59.891" endtime="20220318 22:33:01.246"/>
</kw>
<kw name="Click Element" library="SeleniumLibrary">
<arg>${REGISTER.check_mr}</arg>
<doc>Click the element identified by ``locator``.</doc>
<msg timestamp="20220318 22:33:01.252" level="INFO">Clicking element 'uniform-id_gender1'.</msg>
<status status="PASS" starttime="20220318 22:33:01.247" endtime="20220318 22:33:01.967"/>
</kw>
<kw name="Input Text" library="SeleniumLibrary">
<arg>${REGISTER.first_name}</arg>
<arg>${FAKE_NAME}</arg>
<doc>Types the given ``text`` into the text field identified by ``locator``.</doc>
<msg timestamp="20220318 22:33:01.968" level="INFO">Typing text 'Maria' into text field 'customer_firstname'.</msg>
<status status="PASS" starttime="20220318 22:33:01.967" endtime="20220318 22:33:02.180"/>
</kw>
<kw name="Input Text" library="SeleniumLibrary">
<arg>${REGISTER.last_name}</arg>
<arg>${FAKE_LASTNAME}</arg>
<doc>Types the given ``text`` into the text field identified by ``locator``.</doc>
<msg timestamp="20220318 22:33:02.181" level="INFO">Typing text 'Carvalho' into text field 'customer_lastname'.</msg>
<status status="PASS" starttime="20220318 22:33:02.180" endtime="20220318 22:33:02.391"/>
</kw>
<kw name="Input Text" library="SeleniumLibrary">
<arg>${REGISTER.password}</arg>
<arg>123456789</arg>
<doc>Types the given ``text`` into the text field identified by ``locator``.</doc>
<msg timestamp="20220318 22:33:02.393" level="INFO">Typing text '123456789' into text field 'passwd'.</msg>
<status status="PASS" starttime="20220318 22:33:02.391" endtime="20220318 22:33:02.587"/>
</kw>
<kw name="Debug" library="DebugLibrary">
<doc>Open a interactive shell, run any RobotFramework keywords.</doc>
<status status="PASS" starttime="20220318 22:33:02.587" endtime="20220318 22:35:34.433"/>
</kw>
<kw name="Select From List By Value" library="SeleniumLibrary">
<arg>${REGISTER.select_days}</arg>
<arg>3</arg>
<doc>Selects options from selection list ``locator`` by ``values``.</doc>
<msg timestamp="20220318 22:35:34.436" level="INFO">Selecting options from selection list 'days' by value 3.</msg>
<status status="PASS" starttime="20220318 22:35:34.434" endtime="20220318 22:35:34.556"/>
</kw>
<kw name="Select From List By Value" library="SeleniumLibrary">
<arg>${REGISTER.select_months}</arg>
<arg>12</arg>
<doc>Selects options from selection list ``locator`` by ``values``.</doc>
<msg timestamp="20220318 22:35:34.557" level="INFO">Selecting options from selection list 'months' by value 12.</msg>
<status status="PASS" starttime="20220318 22:35:34.556" endtime="20220318 22:35:34.680"/>
</kw>
<kw name="Select From List By Value" library="SeleniumLibrary">
<arg>${REGISTER.select_year}</arg>
<arg>1994</arg>
<doc>Selects options from selection list ``locator`` by ``values``.</doc>
<msg timestamp="20220318 22:35:34.681" level="INFO">Selecting options from selection list 'years' by value 1994.</msg>
<status status="PASS" starttime="20220318 22:35:34.680" endtime="20220318 22:35:34.790"/>
</kw>
<kw name="Input Text" library="SeleniumLibrary">
<arg>${REGISTER.company}</arg>
<arg>Robot</arg>
<doc>Types the given ``text`` into the text field identified by ``locator``.</doc>
<msg timestamp="20220318 22:35:34.792" level="INFO">Typing text 'Robot' into text field 'company'.</msg>
<status status="PASS" starttime="20220318 22:35:34.790" endtime="20220318 22:35:34.951"/>
</kw>
<kw name="Input Text" library="SeleniumLibrary">
<arg>${REGISTER.address1}</arg>
<arg>Robot Street</arg>
<doc>Types the given ``text`` into the text field identified by ``locator``.</doc>
<msg timestamp="20220318 22:35:34.952" level="INFO">Typing text 'Robot Street' into text field 'address1'.</msg>
<status status="PASS" starttime="20220318 22:35:34.951" endtime="20220318 22:35:35.105"/>
</kw>
<kw name="Click Element" library="SeleniumLibrary">
<arg>${REGISTER.btn_register}</arg>
<doc>Click the element identified by ``locator``.</doc>
<msg timestamp="20220318 22:35:35.106" level="INFO">Clicking element 'submitAccount'.</msg>
<status status="PASS" starttime="20220318 22:35:35.105" endtime="20220318 22:35:36.322"/>
</kw>
<status status="PASS" starttime="20220318 22:32:59.886" endtime="20220318 22:35:36.323"/>
</kw>
<kw name="Submeter cadastro" library="kws_register">
<kw name="Click Element" library="SeleniumLibrary">
<arg>locator</arg>
<doc>Click the element identified by ``locator``.</doc>
<msg timestamp="20220318 22:35:36.325" level="INFO">Clicking element 'locator'.</msg>
<errors>
<msg timestamp="20220318 22:35:44.967" level="ERROR">Execution stopped by user.</msg>
</errors>
</robot>
